/snap/clion/296/bin/cmake/linux/x64/bin/cmake -DCMAKE_BUILD_TYPE=Debug -DCMAKE_MAKE_PROGRAM=/snap/clion/296/bin/ninja/linux/x64/ninja "-DCMAKE_CXX_FLAGS=-fcoverage-mapping -fprofile-instr-generate" "-DCMAKE_C_FLAGS=-fcoverage-mapping -fprofile-instr-generate" -G Ninja -S "/home/fiston/Desktop/AUCA/Data structure and algorithm" -B "/home/fiston/Desktop/AUCA/Data structure and algorithm/cmake-build-debug-coverage"
-- The C compiler identification is GNU 13.2.0
-- Detecting C compiler ABI info
-- Detecting C compiler ABI info - failed
-- Check for working C compiler: /usr/bin/cc
-- Check for working C compiler: /usr/bin/cc - broken
CMake Error at /snap/clion/296/bin/cmake/linux/x64/share/cmake-3.29/Modules/CMakeTestCCompiler.cmake:67 (message):
  The C compiler

    "/usr/bin/cc"

  is not able to compile a simple test program.

  It fails with the following output:

    Change Dir: '/home/fiston/Desktop/AUCA/Data structure and algorithm/cmake-build-debug-coverage/CMakeFiles/CMakeScratch/TryCompile-uf4Tnj'
    
    Run Build Command(s): /snap/clion/296/bin/ninja/linux/x64/ninja -v cmTC_ce728
    [1/2] /usr/bin/cc   -fcoverage-mapping -fprofile-instr-generate  -fdiagnostics-color=always -o CMakeFiles/cmTC_ce728.dir/testCCompiler.c.o -c '/home/fiston/Desktop/AUCA/Data structure and algorithm/cmake-build-debug-coverage/CMakeFiles/CMakeScratch/TryCompile-uf4Tnj/testCCompiler.c'
    FAILED: CMakeFiles/cmTC_ce728.dir/testCCompiler.c.o 
    /usr/bin/cc   -fcoverage-mapping -fprofile-instr-generate  -fdiagnostics-color=always -o CMakeFiles/cmTC_ce728.dir/testCCompiler.c.o -c '/home/fiston/Desktop/AUCA/Data structure and algorithm/cmake-build-debug-coverage/CMakeFiles/CMakeScratch/TryCompile-uf4Tnj/testCCompiler.c'
    cc: error: unrecognized command-line option ‘-fcoverage-mapping’
    cc: error: unrecognized command-line option ‘-fprofile-instr-generate’; did you mean ‘-fprofile-generate’?
    ninja: build stopped: subcommand failed.
    
    

  

  CMake will not be able to correctly generate this project.
Call Stack (most recent call first):
  CMakeLists.txt:2 (project)


-- Configuring incomplete, errors occurred!
